2023-10-22 22:37:32 - Администратор admin вошел в систему.
2023-10-22 22:41:34 - Администратор admin вошел в систему.
2023-10-22 22:46:23 - Сотрудник employee вошел в систему.
2023-10-22 22:46:40 - Попытка неудачного входа клиента dfsf
2023-10-22 22:46:57 - Клиент client вошел в систему.
2023-10-23 20:34:37 - Администратор admin вошел в систему.
2023-10-24 22:10:06 - Администратор admin вошел в систему.
2023-10-24 22:18:39 - Сотрудник employee вошел в систему.
2023-10-24 23:10:21 - Администратор admin вошел в систему.
2023-10-24 23:10:44 - Добавлен новый фильм: Iron-Man
2023-10-24 23:11:48 - Добавлен новый фильм: BAtman
2023-10-24 23:11:52 - Удален фильм: BAtman
2023-10-24 23:16:46 - Администратор admin вошел в систему.
2023-10-24 23:16:47 - Администратор вышел из системы.
2023-10-24 23:17:20 - Сотрудник employee вошел в систему.
2023-10-26 00:18:30 - Администратор admin вошел в систему.
2023-10-26 00:18:32 - Администратор вышел из системы.
2023-10-26 20:11:45 - Администратор admin вошел в систему.
2023-10-26 20:11:58 - Добавлен новый фильм: rion
2023-10-26 20:15:13 - Администратор admin вошел в систему.
2023-10-26 20:15:23 - Добавлен новый фильм: qsd2
2023-10-26 20:20:58 - Администратор admin вошел в систему.
2023-10-26 20:21:07 - Добавлен новый фильм: sddvs
2023-10-26 20:28:06 - Администратор admin вошел в систему.
2023-10-26 20:28:12 - Добавлен новый фильм: sdvsd
2023-10-26 20:29:52 - Администратор admin вошел в систему.
2023-10-26 20:30:18 - Добавлен новый фильм: asdfs
2023-10-26 20:33:50 - Администратор admin вошел в систему.
2023-10-26 20:33:57 - Добавлен новый фильм: dsf
2023-10-26 20:46:59 - Администратор admin вошел в систему.
2023-10-26 20:47:06 - Добавлен новый фильм: ssdf
2023-10-26 20:55:40 - Попытка неудачного входа администратора фвьшт
2023-10-26 20:55:44 - Администратор admin вошел в систему.
2023-10-26 20:55:52 - Добавлен новый фильм: sdf
2023-10-26 21:02:32 - Попытка неудачного входа администратора фвьшт
2023-10-26 21:02:36 - Администратор admin вошел в систему.
2023-10-26 21:02:43 - Добавлен новый фильм: adfa
2023-10-26 21:03:51 - Администратор admin вошел в систему.
2023-10-26 21:04:02 - Добавлен новый фильм: werwef
2023-10-26 21:07:29 - Администратор admin вошел в систему.
2023-10-26 21:07:34 - Добавлен новый фильм: dssg
2023-10-26 21:10:08 - Администратор admin вошел в систему.
2023-10-26 21:10:15 - Добавлен новый фильм: aef
2023-10-26 21:13:43 - Администратор admin вошел в систему.
2023-10-26 21:13:49 - Добавлен новый фильм: asf
2023-10-26 21:18:09 - Попытка неудачного входа администратора afasf
2023-10-26 21:18:16 - Администратор admin вошел в систему.
2023-10-26 21:29:19 - Администратор admin вошел в систему.
2023-10-26 21:29:26 - Добавлен новый фильм: af
