2023-10-24 22:04:53 - Администратор admin вошел в систему.
2023-10-24 22:04:54 - Администратор admin вошел в систему.
2023-10-24 22:04:54 - Сотрудник employee вошел в систему.
2023-10-24 22:04:54 - Клиент client вошел в систему.
2023-10-24 22:04:54 - Клиент client вошел в систему.
2023-10-24 22:04:54 - Сотрудник employee вошел в систему.
2023-10-24 22:05:02 - Администратор admin вошел в систему.
2023-10-24 22:05:03 - Администратор admin вошел в систему.
2023-10-24 22:05:03 - Сотрудник employee вошел в систему.
2023-10-24 22:05:03 - Клиент client вошел в систему.
2023-10-24 22:05:03 - Клиент client вошел в систему.
2023-10-24 22:05:03 - Сотрудник employee вошел в систему.
2023-10-24 22:06:33 - Администратор admin вошел в систему.
2023-10-24 22:06:33 - Администратор admin вошел в систему.
2023-10-24 22:06:33 - Сотрудник employee вошел в систему.
2023-10-24 22:06:33 - Клиент client вошел в систему.
2023-10-24 22:06:33 - Клиент client вошел в систему.
2023-10-24 22:06:33 - Сотрудник employee вошел в систему.
2023-10-26 00:18:08 - Добавлен новый фильм: Film1
2023-10-26 00:18:08 - Администратор admin вошел в систему.
2023-10-26 00:18:08 - Администратор admin вошел в систему.
2023-10-26 00:18:08 - Сотрудник employee вошел в систему.
2023-10-26 00:18:08 - Клиент client вошел в систему.
2023-10-26 00:18:08 - Клиент client вошел в систему.
2023-10-26 00:18:08 - Сотрудник employee вошел в систему.
2023-10-26 00:18:08 - Удален фильм: Film2
